GowinSynthesis start
Running parser ...
Analyzing Verilog file 'C:\Users\leo\Desktop\consim\rtl\perip\uart_rx.v'
Analyzing Verilog file 'C:\Users\leo\Desktop\consim\rtl\perip\uart_top.v'
Analyzing Verilog file 'C:\Users\leo\Desktop\consim\rtl\perip\uart_tx.v'
Compiling module 'uart_test'("C:\Users\leo\Desktop\consim\rtl\perip\uart_top.v":1)
Compiling module 'uart_rx(CLK_FRE=27)'("C:\Users\leo\Desktop\consim\rtl\perip\uart_rx.v":1)
Compiling module 'uart_tx(CLK_FRE=27)'("C:\Users\leo\Desktop\consim\rtl\perip\uart_tx.v":1)
NOTE  (EX0101) : Current top module is "uart_test"
[5%] Running netlist conversion ...
Running device independent optimization ...
[10%] Optimizing Phase 0 completed
[15%] Optimizing Phase 1 completed
[25%] Optimizing Phase 2 completed
Running inference ...
[30%] Inferring Phase 0 completed
[40%] Inferring Phase 1 completed
[50%] Inferring Phase 2 completed
[55%] Inferring Phase 3 completed
Running technical mapping ...
[60%] Tech-Mapping Phase 0 completed
[65%] Tech-Mapping Phase 1 completed
[75%] Tech-Mapping Phase 2 completed
[80%] Tech-Mapping Phase 3 completed
[90%] Tech-Mapping Phase 4 completed
[95%] Generate netlist file "C:\Users\leo\Desktop\consim\fpga\gowin_tang_nano_20k\impl\gwsynthesis\nano_20k.vg" completed
[100%] Generate report file "C:\Users\leo\Desktop\consim\fpga\gowin_tang_nano_20k\impl\gwsynthesis\nano_20k_syn.rpt.html" completed
GowinSynthesis finish
